Engineering Publishing Engine version: 7.0
Java version: 1.8.0_211
Java vendor: IBM Corporation
Java arch: x86
Template path is C:\Users\20255590\Documents\EngD_rhapsody_folder\SMSWTD\Functional\GeneratedTemplate_packagedocument.dta
Loading document template...

Creating document specification for template C:\Users\20255590\Documents\EngD_rhapsody_folder\SMSWTD\Functional\GeneratedTemplate_packagedocument.dta
Document specification model created
Document generation started, please wait...

Preparing docspec ...
Starting run...
Processing document template 1 of 1.
Data source Rhapsody using URL http://localhost:27463/Rational/Rhapsody/?fields=Projects/Project/NestedElementsByViewOrder/ModelElement/NestedElementsByViewOrder/(ModelElement/(descriptionHTML%7CdirectoryName%7CfileName%7CfullPathName%7CiconFileName%7Cid%7CisReadOnly%7CisReference%7CisSaveUnit%7CisStub%7CisUnresolved%7Clabel%7Cmultiplicity%7CremoteURI%7CunitLanguage%7CviewName%7CviewUserDefinedMetaClass%7CAllTags/(ModelElement/(descriptionText%7CiconFileName%7Cid%7Cvalue%7CviewName%7CBaseTag/Tag/(value%7CviewOwner/ModelElement/(iconFileName%7Cid%7CviewName))%7CviewOwner/ModelElement/(iconFileName%7Cid%7CviewName)))%7CMainBehavior/Statechart/(iconFileName%7Cid%7CremoteURI%7CviewName%7CviewUserDefinedMetaClass)%7CMainDiagram/AbstractDiagram/(iconFileName%7Cid%7CremoteURI%7CviewName%7CviewUserDefinedMetaClass)%7CNestedElementsByViewOrder/(ModelElement/(descriptionHTML%7CdescriptionText%7CdirectoryName%7CfileName%7CfullPathName%7CiconFileName%7Cid%7CisDiagramView%7CisReadOnly%7CisReference%7CisSaveUnit%7CisStub%7CisUnresolved%7Clabel%7CremoteURI%7CrequirementUserID%7Cspecification%7CunitLanguage%7CviewName%7CviewUserDefinedMetaClass%7CAllTags/(ModelElement/(descriptionText%7CiconFileName%7Cid%7Cvalue%7CviewName%7CBaseTag/Tag/(value%7CviewOwner/ModelElement/(iconFileName%7Cid%7CviewName))%7CviewOwner/ModelElement/(iconFileName%7Cid%7CviewName)))%7CContainedElements/(ModelElement/(fullPathName%7CiconFileName%7Cid%7CremoteURI%7CviewName%7CviewUserDefinedMetaClass%7CviewOwner/ModelElement/(fullPathName%7Cid%7CremoteURI)))%7CCustomViews/(ModelElement/(iconFileName%7Cid%7CremoteURI%7CviewName%7CviewUserDefinedMetaClass))%7CDefaultPackage/Package/(iconFileName%7Cid%7CremoteURI%7CviewName%7CviewUserDefinedMetaClass)%7CMainDiagram/AbstractDiagram/(iconFileName%7Cid%7CremoteURI%7CviewName%7CviewUserDefinedMetaClass)%7CPictures/Picture/(map%7Cpath)%7CRedefines/(ModelElement/(iconFileName%7Cid%7CremoteURI%7CviewName%7CviewUserDefinedMetaClass))%7CReferences/(ModelElement/(fullPathName%7CiconFileName%7Cid%7CremoteURI%7CviewName%7CviewUserDefinedMetaClass%7CviewOwner/ModelElement/(fullPathName%7Cid%7CremoteURI)))%7CRelations/(ModelElement/(fullPathName%7CiconFileName%7Cid%7CremoteURI%7CviewName%7CviewUserDefinedMetaClass%7CviewOwner/ModelElement/(fullPathName%7Cid%7CremoteURI)))%7CStereotypes/(Stereotype/(id%7Cname%7COverridenProperties/Property/(key%7Cvalue)))%7CViewOf/VeryAbstractDiagram/(iconFileName%7Cid%7CremoteURI%7CviewName%7CviewUserDefinedMetaClass)%7CviewOwner/ModelElement/(iconFileName%7Cid%7CremoteURI%7CviewName%7CviewUserDefinedMetaClass)%7CAnchoredElements/(ModelElement/(iconFileName%7Cid%7CremoteURI%7CviewName%7CviewUserDefinedMetaClass))%7CNestedElementsByViewOrder/(ModelElement/(descriptionHTML%7CdescriptionText%7CdirectoryName%7CfileName%7CfullPathName%7CiconFileName%7Cid%7CisReadOnly%7CisReference%7CisSaveUnit%7CisStub%7CisUnresolved%7Clabel%7CremoteURI%7CrequirementUserID%7Cspecification%7CunitLanguage%7CviewName%7CviewUserDefinedMetaClass%7CAllTags/(ModelElement/(descriptionText%7CiconFileName%7Cid%7Cvalue%7CviewName%7CBaseTag/Tag/(value%7CviewOwner/ModelElement/(iconFileName%7Cid%7CviewName))%7CviewOwner/ModelElement/(iconFileName%7Cid%7CviewName)))%7CAnchoredElements/(ModelElement/(iconFileName%7Cid%7CremoteURI%7CviewName%7CviewUserDefinedMetaClass))%7CMainDiagram/AbstractDiagram/(iconFileName%7Cid%7CremoteURI%7CviewName%7CviewUserDefinedMetaClass)%7COwner/(ModelElement/(id))%7CRedefines/(ModelElement/(iconFileName%7Cid%7CremoteURI%7CviewName%7CviewUserDefinedMetaClass))%7CReferences/(ModelElement/(fullPathName%7CiconFileName%7Cid%7CremoteURI%7CviewName%7CviewUserDefinedMetaClass%7CviewOwner/ModelElement/(fullPathName%7Cid%7CremoteURI)))%7CRelations/(ModelElement/(fullPathName%7CiconFileName%7Cid%7CremoteURI%7CviewName%7CviewUserDefinedMetaClass%7CviewOwner/ModelElement/(fullPathName%7Cid%7CremoteURI)))%7CStereotypes/(Stereotype/(id%7Cname%7COverridenProperties/Property/(key%7Cvalue)))%7CviewOwner/ModelElement/(iconFileName%7Cid%7CremoteURI%7CviewName%7CviewUserDefinedMetaClass)))%7COwner/(ModelElement/(id))))%7COwner/(ModelElement/(id))%7CRedefines/(ModelElement/(iconFileName%7Cid%7CremoteURI%7CviewName%7CviewUserDefinedMetaClass))%7CReferences/(ModelElement/(fullPathName%7CiconFileName%7Cid%7CremoteURI%7CviewName%7CviewUserDefinedMetaClass%7CviewOwner/ModelElement/(fullPathName%7Cid%7CremoteURI)))%7CRelations/(ModelElement/(fullPathName%7CiconFileName%7Cid%7CremoteURI%7CviewName%7CviewUserDefinedMetaClass%7CviewOwner/ModelElement/(fullPathName%7Cid%7CremoteURI)))%7CStereotypes/(Stereotype/(id%7Cname%7COverridenProperties/Property/(key%7Cvalue)))%7CviewOwner/ModelElement/(iconFileName%7Cid%7CremoteURI%7CviewName%7CviewUserDefinedMetaClass)))
1500 publishing commands are processed. 1260 publishing commands remain to be processed.
Processed 200 input elements.
3000 publishing commands are processed. 1849 publishing commands remain to be processed.
4500 publishing commands are processed. 780 publishing commands remain to be processed.
5281 publishing commands are processed. 0 publishing commands remain to be processed.
Total number of input elements processed: 217
Total data request time: 7.233 seconds
Finalizing document generation. Writing output files...
Document generation finished in 14 seconds. 
Engine execution finished succesfully. The results are:
	Html: C:\Users\20255590\Documents\EngD_rhapsody_folder\SMSWTD\Functional\Functional.html
Document was generated successfully to C:\Users\20255590\Documents\EngD_rhapsody_folder\SMSWTD\Functional\Functional.html
Done.

